17:49:29: Creating resource group General
17:49:29: Creating resource group Internal
17:49:29: Creating resource group Autodetect
17:49:29: Registering ResourceManager for type Mesh
17:49:29: Registering ResourceManager for type Material
17:49:29: Registering ResourceManager for type Skeleton
17:49:29: XMLSkeletonSerializer writing  skeleton data to Sinbad.skeleton.xml...
17:49:29: Populating DOM...
17:49:29: Exporting bones..
17:49:29: There are 69 bones.
17:49:29:    Exporting Bone number 0
17:49:29:    Exporting Bone number 1
17:49:29:    Exporting Bone number 2
17:49:29:    Exporting Bone number 3
17:49:29:    Exporting Bone number 4
17:49:29:    Exporting Bone number 5
17:49:29:    Exporting Bone number 6
17:49:29:    Exporting Bone number 7
17:49:29:    Exporting Bone number 8
17:49:29:    Exporting Bone number 9
17:49:29:    Exporting Bone number 10
17:49:29:    Exporting Bone number 11
17:49:29:    Exporting Bone number 12
17:49:29:    Exporting Bone number 13
17:49:29:    Exporting Bone number 14
17:49:29:    Exporting Bone number 15
17:49:29:    Exporting Bone number 16
17:49:29:    Exporting Bone number 17
17:49:29:    Exporting Bone number 18
17:49:29:    Exporting Bone number 19
17:49:29:    Exporting Bone number 20
17:49:29:    Exporting Bone number 21
17:49:29:    Exporting Bone number 22
17:49:29:    Exporting Bone number 23
17:49:29:    Exporting Bone number 24
17:49:29:    Exporting Bone number 25
17:49:29:    Exporting Bone number 26
17:49:29:    Exporting Bone number 27
17:49:29:    Exporting Bone number 28
17:49:29:    Exporting Bone number 29
17:49:29:    Exporting Bone number 30
17:49:29:    Exporting Bone number 31
17:49:29:    Exporting Bone number 32
17:49:29:    Exporting Bone number 33
17:49:29:    Exporting Bone number 34
17:49:29:    Exporting Bone number 35
17:49:29:    Exporting Bone number 36
17:49:29:    Exporting Bone number 37
17:49:29:    Exporting Bone number 38
17:49:29:    Exporting Bone number 39
17:49:29:    Exporting Bone number 40
17:49:29:    Exporting Bone number 41
17:49:29:    Exporting Bone number 42
17:49:29:    Exporting Bone number 43
17:49:29:    Exporting Bone number 44
17:49:29:    Exporting Bone number 45
17:49:29:    Exporting Bone number 46
17:49:29:    Exporting Bone number 47
17:49:29:    Exporting Bone number 48
17:49:29:    Exporting Bone number 49
17:49:29:    Exporting Bone number 50
17:49:29:    Exporting Bone number 51
17:49:29:    Exporting Bone number 52
17:49:29:    Exporting Bone number 53
17:49:29:    Exporting Bone number 54
17:49:29:    Exporting Bone number 55
17:49:29:    Exporting Bone number 56
17:49:29:    Exporting Bone number 57
17:49:29:    Exporting Bone number 58
17:49:29:    Exporting Bone number 59
17:49:29:    Exporting Bone number 60
17:49:29:    Exporting Bone number 61
17:49:29:    Exporting Bone number 62
17:49:29:    Exporting Bone number 63
17:49:29:    Exporting Bone number 64
17:49:29:    Exporting Bone number 65
17:49:29:    Exporting Bone number 66
17:49:29:    Exporting Bone number 67
17:49:29:    Exporting Bone number 68
17:49:29: Bones exported.
17:49:29: Exporting animations, count=13
17:49:29: Exporting animation: Dance
17:49:29: Animation exported.
17:49:29: Exporting animation: DrawSwords
17:49:29: Animation exported.
17:49:29: Exporting animation: HandsClosed
17:49:29: Animation exported.
17:49:29: Exporting animation: HandsRelaxed
17:49:29: Animation exported.
17:49:29: Exporting animation: IdleBase
17:49:29: Animation exported.
17:49:29: Exporting animation: IdleTop
17:49:29: Animation exported.
17:49:29: Exporting animation: JumpEnd
17:49:29: Animation exported.
17:49:29: Exporting animation: JumpLoop
17:49:29: Animation exported.
17:49:29: Exporting animation: JumpStart
17:49:29: Animation exported.
17:49:29: Exporting animation: RunBase
17:49:29: Animation exported.
17:49:29: Exporting animation: RunTop
17:49:29: Animation exported.
17:49:29: Exporting animation: SliceHorizontal
17:49:29: Animation exported.
17:49:29: Exporting animation: SliceVertical
17:49:29: Animation exported.
17:49:29: DOM populated, writing XML file..
17:49:29: XMLSkeletonSerializer export successful.
17:49:29: Unregistering ResourceManager for type Skeleton
17:49:29: Unregistering ResourceManager for type Material
17:49:29: Unregistering ResourceManager for type Mesh
