Compile++ thumb  : native-activity <= main.cpp
In file included from C:/EclipseWorkspace/SbmAndroid/jni/../../../feng/codes/SmartBodyAndroid/core/smartbody/smartbody-lib//src/sbm/mcontrol_util.h:60,
                 from C:/EclipseWorkspace/SbmAndroid/jni/main.cpp:19:
C:/EclipseWorkspace/SbmAndroid/jni/../../../feng/codes/SmartBodyAndroid/core/smartbody/smartbody-lib//src/me/me_ct_scheduler2.h:37:32: error: boost/shared_ptr.hpp: No such file or directory
C:/EclipseWorkspace/SbmAndroid/jni/../../../feng/codes/SmartBodyAndroid/core/smartbody/smartbody-lib//src/me/me_ct_scheduler2.h:38:30: error: boost/weak_ptr.hpp: No such file or directory
In file included from C:/EclipseWorkspace/SbmAndroid/jni/../../../feng/codes/SmartBodyAndroid/core/smartbody/smartbody-lib//src/sbm/sbm_speech.hpp:32,
                 from C:/EclipseWorkspace/SbmAndroid/jni/../../../feng/codes/SmartBodyAndroid/core/smartbody/smartbody-lib//src/sbm/bml_types.hpp:37,
                 from C:/EclipseWorkspace/SbmAndroid/jni/../../../feng/codes/SmartBodyAndroid/core/smartbody/smartbody-lib//src/sbm/bml_sync_point.hpp:33,
                 from C:/EclipseWorkspace/SbmAndroid/jni/../../../feng/codes/SmartBodyAndroid/core/smartbody/smartbody-lib//src/me/me_ct_scheduler2.h:39,
                 from C:/EclipseWorkspace/SbmAndroid/jni/../../../feng/codes/SmartBodyAndroid/core/smartbody/smartbody-lib//src/sbm/mcontrol_util.h:60,
                 from C:/EclipseWorkspace/SbmAndroid/jni/main.cpp:19:
C:/EclipseWorkspace/SbmAndroid/jni/../../../feng/codes/SmartBodyAndroid/core/smartbody/smartbody-lib//src/sbm/xercesc_utils.hpp:31:47: error: xercesc/parsers/XercesDOMParser.hpp: No such file or directory
C:/EclipseWorkspace/SbmAndroid/jni/../../../feng/codes/SmartBodyAndroid/core/smartbody/smartbody-lib//src/sbm/xercesc_utils.hpp:32:31: error: xercesc/dom/DOM.hpp: No such file or directory
C:/EclipseWorkspace/SbmAndroid/jni/../../../feng/codes/SmartBodyAndroid/core/smartbody/smartbody-lib//src/sbm/xercesc_utils.hpp:33:42: error: xercesc/util/PlatformUtils.hpp: No such file or directory
C:/EclipseWorkspace/SbmAndroid/jni/../../../feng/codes/SmartBodyAndroid/core/smartbody/smartbody-lib//src/sbm/xercesc_utils.hpp:34:38: error: xercesc/util/XMLString.hpp: No such file or directory
C:/EclipseWorkspace/SbmAndroid/jni/../../../feng/codes/SmartBodyAndroid/core/smartbody/smartbody-lib//src/sbm/xercesc_utils.hpp:35:39: error: xercesc/sax/HandlerBase.hpp: No such file or directory
C:/EclipseWorkspace/SbmAndroid/jni/../../../feng/codes/SmartBodyAndroid/core/smartbody/smartbody-lib//src/sbm/xercesc_utils.hpp:36:40: error: xercesc/sax/SAXException.hpp: No such file or directory
In file included from C:/EclipseWorkspace/SbmAndroid/jni/../../../feng/codes/SmartBodyAndroid/core/smartbody/smartbody-lib//src/sbm/action_unit.hpp:29,
                 from C:/EclipseWorkspace/SbmAndroid/jni/../../../feng/codes/SmartBodyAndroid/core/smartbody/smartbody-lib//src/sbm/VisemeMap.hpp:28,
                 from C:/EclipseWorkspace/SbmAndroid/jni/../../../feng/codes/SmartBodyAndroid/core/smartbody/smartbody-lib//src/sbm/me_ct_face.h:34,
                 from C:/EclipseWorkspace/SbmAndroid/jni/../../../feng/codes/SmartBodyAndroid/core/smartbody/smartbody-lib//src/sbm/sbm_character.hpp:44,
                 from C:/EclipseWorkspace/SbmAndroid/jni/../../../feng/codes/SmartBodyAndroid/core/smartbody/smartbody-lib//src/sbm/me_ct_motion_player.h:28,
                 from C:/EclipseWorkspace/SbmAndroid/jni/../../../feng/codes/SmartBodyAndroid/core/smartbody/smartbody-lib//src/sbm/mcontrol_util.h:61,
                 from C:/EclipseWorkspace/SbmAndroid/jni/main.cpp:19:
C:/EclipseWorkspace/SbmAndroid/jni/../../../feng/codes/SmartBodyAndroid/core/smartbody/smartbody-lib//src/sr/sr_shared_ptr.hpp:30:35: error: boost/intrusive_ptr.hpp: No such file or directory
In file included from C:/EclipseWorkspace/SbmAndroid/jni/../../../feng/codes/SmartBodyAndroid/core/smartbody/smartbody-lib//src/sbm/me_ct_jacobian_IK.hpp:5,
                 from C:/EclipseWorkspace/SbmAndroid/jni/../../../feng/codes/SmartBodyAndroid/core/smartbody/smartbody-lib//src/sbm/me_ct_constraint.hpp:28,
                 from C:/EclipseWorkspace/SbmAndroid/jni/../../../feng/codes/SmartBodyAndroid/core/smartbody/smartbody-lib//src/sbm/sbm_character.hpp:48,
                 from C:/EclipseWorkspace/SbmAndroid/jni/../../../feng/codes/SmartBodyAndroid/core/smartbody/smartbody-lib//src/sbm/me_ct_motion_player.h:28,
                 from C:/EclipseWorkspace/SbmAndroid/jni/../../../feng/codes/SmartBodyAndroid/core/smartbody/smartbody-lib//src/sbm/mcontrol_util.h:61,
                 from C:/EclipseWorkspace/SbmAndroid/jni/main.cpp:19:
C:/EclipseWorkspace/SbmAndroid/jni/../../../feng/codes/SmartBodyAndroid/core/smartbody/smartbody-lib//src/sbm/me_ct_ublas.hpp:2:42: error: boost/numeric/ublas/matrix.hpp: No such file or directory
C:/EclipseWorkspace/SbmAndroid/jni/../../../feng/codes/SmartBodyAndroid/core/smartbody/smartbody-lib//src/sbm/me_ct_ublas.hpp:3:42: error: boost/numeric/ublas/vector.hpp: No such file or directory
In file included from C:/EclipseWorkspace/SbmAndroid/jni/../../../feng/codes/SmartBodyAndroid/core/smartbody/smartbody-lib//src/sbm/sbm_speech.hpp:32,
                 from C:/EclipseWorkspace/SbmAndroid/jni/../../../feng/codes/SmartBodyAndroid/core/smartbody/smartbody-lib//src/sbm/bml_types.hpp:37,
                 from C:/EclipseWorkspace/SbmAndroid/jni/../../../feng/codes/SmartBodyAndroid/core/smartbody/smartbody-lib//src/sbm/bml_sync_point.hpp:33,
                 from C:/EclipseWorkspace/SbmAndroid/jni/../../../feng/codes/SmartBodyAndroid/core/smartbody/smartbody-lib//src/me/me_ct_scheduler2.h:39,
                 from C:/EclipseWorkspace/SbmAndroid/jni/../../../feng/codes/SmartBodyAndroid/core/smartbody/smartbody-lib//src/sbm/mcontrol_util.h:60,
                 from C:/EclipseWorkspace/SbmAndroid/jni/main.cpp:19:
C:/EclipseWorkspace/SbmAndroid/jni/../../../feng/codes/SmartBodyAndroid/core/smartbody/smartbody-lib//src/sbm/xercesc_utils.hpp:42: error: expected constructor, destructor, or type conversion before 'namespace'
In file included from C:/EclipseWorkspace/SbmAndroid/jni/../../../feng/codes/SmartBodyAndroid/core/smartbody/smartbody-lib//../steersuite-1.3/external/tinyxml/ticpp.h:55,
                 from C:/EclipseWorkspace/SbmAndroid/jni/../../../feng/codes/SmartBodyAndroid/core/smartbody/smartbody-lib//../steersuite-1.3/steerlib/include/util/XMLParserPrivate.h:14,
                 from C:/EclipseWorkspace/SbmAndroid/jni/../../../feng/codes/SmartBodyAndroid/core/smartbody/smartbody-lib//../steersuite-1.3/steerlib/include/util/XMLParser.h:13,
                 from C:/EclipseWorkspace/SbmAndroid/jni/../../../feng/codes/SmartBodyAndroid/core/smartbody/smartbody-lib//../steersuite-1.3/steerlib/include/util/Misc.h:24,
                 from C:/EclipseWorkspace/SbmAndroid/jni/../../../feng/codes/SmartBodyAndroid/core/smartbody/smartbody-lib//../steersuite-1.3/steerlib/include/Util.h:20,
                 from C:/EclipseWorkspace/SbmAndroid/jni/../../../feng/codes/SmartBodyAndroid/core/smartbody/smartbody-lib//../steersuite-1.3/steerlib/include/SteerLib.h:21,
                 from C:/EclipseWorkspace/SbmAndroid/jni/../../../feng/codes/SmartBodyAndroid/core/smartbody/smartbody-lib//src/sbm/SteerSuiteEngineDriver.h:8,
                 from C:/EclipseWorkspace/SbmAndroid/jni/../../../feng/codes/SmartBodyAndroid/core/smartbody/smartbody-lib//src/sbm/sbm_pawn.hpp:32,
                 from C:/EclipseWorkspace/SbmAndroid/jni/../../../feng/codes/SmartBodyAndroid/core/smartbody/smartbody-lib//src/sbm/me_ct_example_body_reach.hpp:14,
                 from C:/EclipseWorkspace/SbmAndroid/jni/../../../feng/codes/SmartBodyAndroid/core/smartbody/smartbody-lib//src/sbm/sbm_character.hpp:49,
                 from C:/EclipseWorkspace/SbmAndroid/jni/../../../feng/codes/SmartBodyAndroid/core/smartbody/smartbody-lib//src/sbm/me_ct_motion_player.h:28,
                 from C:/EclipseWorkspace/SbmAndroid/jni/../../../feng/codes/SmartBodyAndroid/core/smartbody/smartbody-lib//src/sbm/mcontrol_util.h:61,
                 from C:/EclipseWorkspace/SbmAndroid/jni/main.cpp:19:
C:/feng/android-ndk/sources/cxx-stl/gnu-libstdc++/include/typeinfo:36: error: expected declaration before end of line
make: *** [/cygdrive/c/EclipseWorkspace/SbmAndroid/obj/local/armeabi/objs/native-activity/main.o] Error 1
